Using pre-set license
Built from '2020.3/staging' branch; Version is '2020.3.9f1 (108be757e447) revision 1084391'; Using compiler version '192528614'; Build Type 'Release'
OS: 'Windows 10 Pro; OS build 19042.985; Version 2009; 64bit' Language: 'ru' Physical Memory: 16301 MB
BatchMode: 1, IsHumanControllingUs: 0, StartBugReporterOnCrash: 0, Is64bit: 1, IsPro: 0

 COMMAND LINE ARGUMENTS:
D:\Unity\2020.3.9f1\Editor\Unity.exe
-adb2
-batchMode
-noUpm
-name
AssetImportWorker1
-projectPath
E:/Unity diplom/UniNavigation
-logFile
Logs/AssetImportWorker1.log
-srvPort
63751
Successfully changed project path to: E:/Unity diplom/UniNavigation
E:/Unity diplom/UniNavigation
Using Asset Import Pipeline V2.
Refreshing native plugins compatible for Editor in 17.39 ms, found 0 plugins.
Preloading 0 native plugins for Editor in 0.00 ms.
Initialize engine version: 2020.3.9f1 (108be757e447)
[Subsystems] Discovering subsystems at path D:/Unity/2020.3.9f1/Editor/Data/Resources/UnitySubsystems
[Subsystems] Discovering subsystems at path E:/Unity diplom/UniNavigation/Assets
GfxDevice: creating device client; threaded=0
Direct3D:
    Version:  Direct3D 11.0 [level 11.1]
    Renderer: NVIDIA GeForce GTX 960 (ID=0x1401)
    Vendor:   
    VRAM:     4053 MB
    Driver:   26.21.14.3200
Initialize mono
Mono path[0] = 'D:/Unity/2020.3.9f1/Editor/Data/Managed'
Mono path[1] = 'D:/Unity/2020.3.9f1/Editor/Data/MonoBleedingEdge/lib/mono/unityjit'
Mono config path = 'D:/Unity/2020.3.9f1/Editor/Data/MonoBleedingEdge/etc'
Using monoOptions --debugger-agent=transport=dt_socket,embedding=1,server=y,suspend=n,address=127.0.0.1:56332
Begin MonoManager ReloadAssembly
Registering precompiled unity dll's ...
Register platform support module: D:/Unity/2020.3.9f1/Editor/Data/PlaybackEngines/WindowsStandaloneSupport/UnityEditor.WindowsStandalone.Extensions.dll
Registered in 0.000669 seconds.
Native extension for WindowsStandalone target not found
Refreshing native plugins compatible for Editor in 17.77 ms, found 0 plugins.
Preloading 0 native plugins for Editor in 0.00 ms.
Mono: successfully reloaded assembly
- Completed reload, in  1.271 seconds
Platform modules already initialized, skipping
Registering precompiled user dll's ...
Registered in 0.000329 seconds.
Begin MonoManager ReloadAssembly
Native extension for WindowsStandalone target not found
Refreshing native plugins compatible for Editor in 0.16 ms, found 0 plugins.
Preloading 0 native plugins for Editor in 0.00 ms.
Mono: successfully reloaded assembly
- Completed reload, in  0.610 seconds
Platform modules already initialized, skipping
========================================================================
Worker process is ready to serve import requests
Launched and connected shader compiler UnityShaderCompiler.exe after 0.03 seconds
Refreshing native plugins compatible for Editor in 0.17 ms, found 0 plugins.
Preloading 0 native plugins for Editor in 0.00 ms.
Unloading 1158 Unused Serialized files (Serialized files now loaded: 0)
System memory in use before: 58.3 MB.
System memory in use after: 58.3 MB.

Unloading 9 unused Assets to reduce memory usage. Loaded Objects now: 1602.
Total: 1.120800 ms (FindLiveObjects: 0.094600 ms CreateObjectMapping: 0.029800 ms MarkObjects: 0.956100 ms  DeleteObjects: 0.039600 ms)

========================================================================
Received Import Request.
  path: Assets/Prefabs/WayPoint.prefab
  artifactKey: Guid(00db97219099b4843b11f01dee8afa3b) Importer(815301076,1909f56bfc062723c751e8b465ee728b)
Start importing Assets/Prefabs/WayPoint.prefab using Guid(00db97219099b4843b11f01dee8afa3b) Importer(815301076,1909f56bfc062723c751e8b465ee728b)  -> (artifact id: 'c678eda5b22dcef8ea444f40443540c9') in 0.047211 seconds
  Import took 0.048543 seconds .

========================================================================
Received Import Request.
  Time since last request: 4.688348 seconds.
  path: Assets/Prefabs/WayPoint.prefab
  artifactKey: Guid(00db97219099b4843b11f01dee8afa3b) Importer(815301076,1909f56bfc062723c751e8b465ee728b)
Start importing Assets/Prefabs/WayPoint.prefab using Guid(00db97219099b4843b11f01dee8afa3b) Importer(815301076,1909f56bfc062723c751e8b465ee728b)  -> (artifact id: 'e61d9951f6ea85db6463f02b876741a7') in 0.001897 seconds
  Import took 0.003142 seconds .

========================================================================
Received Import Request.
  Time since last request: 0.007553 seconds.
  path: Assets/Prefabs/WayPoint.prefab
  artifactKey: Guid(00db97219099b4843b11f01dee8afa3b) Importer(815301076,1909f56bfc062723c751e8b465ee728b)
Start importing Assets/Prefabs/WayPoint.prefab using Guid(00db97219099b4843b11f01dee8afa3b) Importer(815301076,1909f56bfc062723c751e8b465ee728b)  -> (artifact id: 'e61d9951f6ea85db6463f02b876741a7') in 0.001937 seconds
  Import took 0.003233 seconds .

========================================================================
Received Import Request.
  Time since last request: 167.457876 seconds.
  path: Assets/Materials/UserMat.mat
  artifactKey: Guid(c27ea6340728e214195a4f97501f3306) Importer(815301076,1909f56bfc062723c751e8b465ee728b)
Start importing Assets/Materials/UserMat.mat using Guid(c27ea6340728e214195a4f97501f3306) Importer(815301076,1909f56bfc062723c751e8b465ee728b)  -> (artifact id: 'f44e9290e52664167fbe513f54308bd3') in 0.054065 seconds
  Import took 0.055660 seconds .

========================================================================
Received Prepare
Registering precompiled user dll's ...
Registered in 0.000298 seconds.
Begin MonoManager ReloadAssembly
Native extension for WindowsStandalone target not found
Refreshing native plugins compatible for Editor in 0.16 ms, found 0 plugins.
Preloading 0 native plugins for Editor in 0.00 ms.
Mono: successfully reloaded assembly
- Completed reload, in  0.569 seconds
Platform modules already initialized, skipping
Refreshing native plugins compatible for Editor in 0.16 ms, found 0 plugins.
Preloading 0 native plugins for Editor in 0.00 ms.
Unloading 1152 Unused Serialized files (Serialized files now loaded: 0)
System memory in use before: 61.4 MB.
System memory in use after: 61.5 MB.

Unloading 4 unused Assets to reduce memory usage. Loaded Objects now: 1645.
Total: 1.066400 ms (FindLiveObjects: 0.100000 ms CreateObjectMapping: 0.028200 ms MarkObjects: 0.929200 ms  DeleteObjects: 0.008400 ms)

========================================================================
Received Import Request.
  Time since last request: 188.380514 seconds.
  path: Assets/Prefabs/Quad.prefab
  artifactKey: Guid(beeaf27331d24dc4bad05de2d763bce1) Importer(815301076,1909f56bfc062723c751e8b465ee728b)
Start importing Assets/Prefabs/Quad.prefab using Guid(beeaf27331d24dc4bad05de2d763bce1) Importer(815301076,1909f56bfc062723c751e8b465ee728b)  -> (artifact id: '84912710b37f1477437b58fbf63d3a62') in 0.056648 seconds
  Import took 0.058099 seconds .

========================================================================
Received Import Request.
  Time since last request: 80.851392 seconds.
  path: Assets/Prefabs/Quad.prefab
  artifactKey: Guid(beeaf27331d24dc4bad05de2d763bce1) Importer(815301076,1909f56bfc062723c751e8b465ee728b)
Start importing Assets/Prefabs/Quad.prefab using Guid(beeaf27331d24dc4bad05de2d763bce1) Importer(815301076,1909f56bfc062723c751e8b465ee728b)  -> (artifact id: 'b8e0e7c9925210f62afd892fe8c30dd7') in 0.017860 seconds
  Import took 0.019525 seconds .

========================================================================
Received Prepare
Registering precompiled user dll's ...
Registered in 0.000296 seconds.
Begin MonoManager ReloadAssembly
Native extension for WindowsStandalone target not found
Refreshing native plugins compatible for Editor in 0.15 ms, found 0 plugins.
Preloading 0 native plugins for Editor in 0.00 ms.
Mono: successfully reloaded assembly
- Completed reload, in  0.560 seconds
Platform modules already initialized, skipping
Refreshing native plugins compatible for Editor in 0.14 ms, found 0 plugins.
Preloading 0 native plugins for Editor in 0.00 ms.
Unloading 1152 Unused Serialized files (Serialized files now loaded: 0)
System memory in use before: 61.5 MB.
System memory in use after: 61.6 MB.

Unloading 4 unused Assets to reduce memory usage. Loaded Objects now: 1649.
Total: 1.052400 ms (FindLiveObjects: 0.084900 ms CreateObjectMapping: 0.026200 ms MarkObjects: 0.932200 ms  DeleteObjects: 0.008300 ms)

========================================================================
Received Prepare
Registering precompiled user dll's ...
Registered in 0.000313 seconds.
Begin MonoManager ReloadAssembly
Native extension for WindowsStandalone target not found
Refreshing native plugins compatible for Editor in 0.15 ms, found 0 plugins.
Preloading 0 native plugins for Editor in 0.00 ms.
Mono: successfully reloaded assembly
- Completed reload, in  0.564 seconds
Platform modules already initialized, skipping
Refreshing native plugins compatible for Editor in 0.15 ms, found 0 plugins.
Preloading 0 native plugins for Editor in 0.00 ms.
Unloading 1152 Unused Serialized files (Serialized files now loaded: 0)
System memory in use before: 61.5 MB.
System memory in use after: 61.6 MB.

Unloading 4 unused Assets to reduce memory usage. Loaded Objects now: 1652.
Total: 1.068100 ms (FindLiveObjects: 0.088300 ms CreateObjectMapping: 0.026100 ms MarkObjects: 0.944600 ms  DeleteObjects: 0.008400 ms)

========================================================================
Received Prepare
Registering precompiled user dll's ...
Registered in 0.000286 seconds.
Begin MonoManager ReloadAssembly
Native extension for WindowsStandalone target not found
Refreshing native plugins compatible for Editor in 0.16 ms, found 0 plugins.
Preloading 0 native plugins for Editor in 0.00 ms.
Mono: successfully reloaded assembly
- Completed reload, in  0.579 seconds
Platform modules already initialized, skipping
Refreshing native plugins compatible for Editor in 0.15 ms, found 0 plugins.
Preloading 0 native plugins for Editor in 0.00 ms.
Unloading 1152 Unused Serialized files (Serialized files now loaded: 0)
System memory in use before: 61.5 MB.
System memory in use after: 61.6 MB.

Unloading 4 unused Assets to reduce memory usage. Loaded Objects now: 1655.
Total: 1.053400 ms (FindLiveObjects: 0.085000 ms CreateObjectMapping: 0.026100 ms MarkObjects: 0.933200 ms  DeleteObjects: 0.008500 ms)

========================================================================
Received Prepare
Registering precompiled user dll's ...
Registered in 0.000302 seconds.
Begin MonoManager ReloadAssembly
Native extension for WindowsStandalone target not found
Refreshing native plugins compatible for Editor in 0.15 ms, found 0 plugins.
Preloading 0 native plugins for Editor in 0.00 ms.
Mono: successfully reloaded assembly
- Completed reload, in  0.578 seconds
Platform modules already initialized, skipping
Refreshing native plugins compatible for Editor in 0.15 ms, found 0 plugins.
Preloading 0 native plugins for Editor in 0.00 ms.
Unloading 1152 Unused Serialized files (Serialized files now loaded: 0)
System memory in use before: 61.5 MB.
System memory in use after: 61.6 MB.

Unloading 4 unused Assets to reduce memory usage. Loaded Objects now: 1658.
Total: 1.071200 ms (FindLiveObjects: 0.085600 ms CreateObjectMapping: 0.025400 ms MarkObjects: 0.951100 ms  DeleteObjects: 0.008600 ms)

========================================================================
Received Prepare
Registering precompiled user dll's ...
Registered in 0.000348 seconds.
Begin MonoManager ReloadAssembly
Native extension for WindowsStandalone target not found
Refreshing native plugins compatible for Editor in 0.15 ms, found 0 plugins.
Preloading 0 native plugins for Editor in 0.00 ms.
Mono: successfully reloaded assembly
- Completed reload, in  0.567 seconds
Platform modules already initialized, skipping
Refreshing native plugins compatible for Editor in 0.15 ms, found 0 plugins.
Preloading 0 native plugins for Editor in 0.00 ms.
Unloading 1152 Unused Serialized files (Serialized files now loaded: 0)
System memory in use before: 61.5 MB.
System memory in use after: 61.6 MB.

Unloading 4 unused Assets to reduce memory usage. Loaded Objects now: 1661.
Total: 1.074300 ms (FindLiveObjects: 0.091800 ms CreateObjectMapping: 0.025700 ms MarkObjects: 0.947500 ms  DeleteObjects: 0.008600 ms)

========================================================================
Received Prepare
Registering precompiled user dll's ...
Registered in 0.000293 seconds.
Begin MonoManager ReloadAssembly
Native extension for WindowsStandalone target not found
Refreshing native plugins compatible for Editor in 0.15 ms, found 0 plugins.
Preloading 0 native plugins for Editor in 0.00 ms.
Mono: successfully reloaded assembly
- Completed reload, in  0.567 seconds
Platform modules already initialized, skipping
Refreshing native plugins compatible for Editor in 0.15 ms, found 0 plugins.
Preloading 0 native plugins for Editor in 0.00 ms.
Unloading 1152 Unused Serialized files (Serialized files now loaded: 0)
System memory in use before: 61.5 MB.
System memory in use after: 61.6 MB.

Unloading 4 unused Assets to reduce memory usage. Loaded Objects now: 1664.
Total: 1.043200 ms (FindLiveObjects: 0.086100 ms CreateObjectMapping: 0.025100 ms MarkObjects: 0.923000 ms  DeleteObjects: 0.008300 ms)

========================================================================
Received Import Request.
  Time since last request: 662.788658 seconds.
  path: Assets/Prefabs/WayPoint.prefab
  artifactKey: Guid(beeaf27331d24dc4bad05de2d763bce1) Importer(815301076,1909f56bfc062723c751e8b465ee728b)
Start importing Assets/Prefabs/WayPoint.prefab using Guid(beeaf27331d24dc4bad05de2d763bce1) Importer(815301076,1909f56bfc062723c751e8b465ee728b)  -> (artifact id: '489e7518d629d76b7e988be0260a7a77') in 0.040056 seconds
  Import took 0.041614 seconds .

========================================================================
Received Import Request.
  Time since last request: 152.037755 seconds.
  path: Assets/Prefabs/Line.prefab
  artifactKey: Guid(c2fcc539c407a6f4ea8234fe346a7fac) Importer(815301076,1909f56bfc062723c751e8b465ee728b)
Start importing Assets/Prefabs/Line.prefab using Guid(c2fcc539c407a6f4ea8234fe346a7fac) Importer(815301076,1909f56bfc062723c751e8b465ee728b)  -> (artifact id: 'dcbc30c8d4fd4790c8a03d55d096853a') in 0.011399 seconds
  Import took 0.012941 seconds .

========================================================================
Received Import Request.
  Time since last request: 0.000278 seconds.
  path: Assets/Prefabs/Line.prefab
  artifactKey: Guid(c2fcc539c407a6f4ea8234fe346a7fac) Importer(815301076,1909f56bfc062723c751e8b465ee728b)
Start importing Assets/Prefabs/Line.prefab using Guid(c2fcc539c407a6f4ea8234fe346a7fac) Importer(815301076,1909f56bfc062723c751e8b465ee728b)  -> (artifact id: 'dcbc30c8d4fd4790c8a03d55d096853a') in 0.003942 seconds
  Import took 0.005346 seconds .

========================================================================
Received Prepare
Registering precompiled user dll's ...
Registered in 0.000307 seconds.
Begin MonoManager ReloadAssembly
Native extension for WindowsStandalone target not found
Refreshing native plugins compatible for Editor in 0.15 ms, found 0 plugins.
Preloading 0 native plugins for Editor in 0.00 ms.
Mono: successfully reloaded assembly
- Completed reload, in  0.565 seconds
Platform modules already initialized, skipping
Refreshing native plugins compatible for Editor in 0.15 ms, found 0 plugins.
Preloading 0 native plugins for Editor in 0.00 ms.
Unloading 1152 Unused Serialized files (Serialized files now loaded: 0)
System memory in use before: 61.5 MB.
System memory in use after: 61.6 MB.

Unloading 4 unused Assets to reduce memory usage. Loaded Objects now: 1669.
Total: 1.098000 ms (FindLiveObjects: 0.089600 ms CreateObjectMapping: 0.027300 ms MarkObjects: 0.971100 ms  DeleteObjects: 0.009400 ms)

========================================================================
Received Prepare
Registering precompiled user dll's ...
Registered in 0.000304 seconds.
Begin MonoManager ReloadAssembly
Native extension for WindowsStandalone target not found
Refreshing native plugins compatible for Editor in 0.15 ms, found 0 plugins.
Preloading 0 native plugins for Editor in 0.00 ms.
Mono: successfully reloaded assembly
- Completed reload, in  0.561 seconds
Platform modules already initialized, skipping
Refreshing native plugins compatible for Editor in 0.15 ms, found 0 plugins.
Preloading 0 native plugins for Editor in 0.00 ms.
Unloading 1152 Unused Serialized files (Serialized files now loaded: 0)
System memory in use before: 61.5 MB.
System memory in use after: 61.6 MB.

Unloading 4 unused Assets to reduce memory usage. Loaded Objects now: 1672.
Total: 1.067800 ms (FindLiveObjects: 0.088600 ms CreateObjectMapping: 0.025700 ms MarkObjects: 0.944600 ms  DeleteObjects: 0.008300 ms)

========================================================================
Received Import Request.
  Time since last request: 389.060015 seconds.
  path: Assets/Scenes/SampleScene/NavMesh-Plane.asset
  artifactKey: Guid(d08bebcdd7d77404da6a4bbc1a76b4c6) Importer(815301076,1909f56bfc062723c751e8b465ee728b)
Start importing Assets/Scenes/SampleScene/NavMesh-Plane.asset using Guid(d08bebcdd7d77404da6a4bbc1a76b4c6) Importer(815301076,1909f56bfc062723c751e8b465ee728b)  -> (artifact id: '15566235319be8ebe9f7b8228d7754bc') in 0.014297 seconds
  Import took 0.015712 seconds .

========================================================================
Received Import Request.
  Time since last request: 13.944799 seconds.
  path: Assets/Scenes/SampleScene/NavMesh-Plane.asset
  artifactKey: Guid(d08bebcdd7d77404da6a4bbc1a76b4c6) Importer(815301076,1909f56bfc062723c751e8b465ee728b)
Start importing Assets/Scenes/SampleScene/NavMesh-Plane.asset using Guid(d08bebcdd7d77404da6a4bbc1a76b4c6) Importer(815301076,1909f56bfc062723c751e8b465ee728b)  -> (artifact id: '739f543d1f36d13067d8b26ac62cb95d') in 0.005316 seconds
  Import took 0.006706 seconds .

========================================================================
Received Prepare
Registering precompiled user dll's ...
Registered in 0.000372 seconds.
Begin MonoManager ReloadAssembly
Native extension for WindowsStandalone target not found
Refreshing native plugins compatible for Editor in 0.15 ms, found 0 plugins.
Preloading 0 native plugins for Editor in 0.00 ms.
Mono: successfully reloaded assembly
- Completed reload, in  0.555 seconds
Platform modules already initialized, skipping
Refreshing native plugins compatible for Editor in 0.20 ms, found 0 plugins.
Preloading 0 native plugins for Editor in 0.00 ms.
Unloading 1152 Unused Serialized files (Serialized files now loaded: 0)
System memory in use before: 61.5 MB.
System memory in use after: 61.7 MB.

Unloading 4 unused Assets to reduce memory usage. Loaded Objects now: 1675.
Total: 1.099200 ms (FindLiveObjects: 0.104400 ms CreateObjectMapping: 0.030600 ms MarkObjects: 0.955100 ms  DeleteObjects: 0.008500 ms)

========================================================================
Received Import Request.
  Time since last request: 34.825178 seconds.
  path: Assets/Scenes/SampleScene/NavMesh-Plane.asset
  artifactKey: Guid(d08bebcdd7d77404da6a4bbc1a76b4c6) Importer(815301076,1909f56bfc062723c751e8b465ee728b)
Start importing Assets/Scenes/SampleScene/NavMesh-Plane.asset using Guid(d08bebcdd7d77404da6a4bbc1a76b4c6) Importer(815301076,1909f56bfc062723c751e8b465ee728b)  -> (artifact id: 'f627afa2677731b4c36d074965483af0') in 0.011960 seconds
  Import took 0.013410 seconds .

========================================================================
Received Import Request.
  Time since last request: 14.911640 seconds.
  path: Assets/Scenes/SampleScene/NavMesh-Plane.asset
  artifactKey: Guid(d08bebcdd7d77404da6a4bbc1a76b4c6) Importer(815301076,1909f56bfc062723c751e8b465ee728b)
Start importing Assets/Scenes/SampleScene/NavMesh-Plane.asset using Guid(d08bebcdd7d77404da6a4bbc1a76b4c6) Importer(815301076,1909f56bfc062723c751e8b465ee728b)  -> (artifact id: '43a24ac635e3474722c21047014024cf') in 0.005257 seconds
  Import took 0.006650 seconds .

========================================================================
Received Import Request.
  Time since last request: 19.019804 seconds.
  path: Assets/Scenes/SampleScene/NavMesh-Plane.asset
  artifactKey: Guid(d08bebcdd7d77404da6a4bbc1a76b4c6) Importer(815301076,1909f56bfc062723c751e8b465ee728b)
Start importing Assets/Scenes/SampleScene/NavMesh-Plane.asset using Guid(d08bebcdd7d77404da6a4bbc1a76b4c6) Importer(815301076,1909f56bfc062723c751e8b465ee728b)  -> (artifact id: '47c1a17b3c0a9f3512333e5de92751fa') in 0.005820 seconds
  Import took 0.007245 seconds .

========================================================================
Received Import Request.
  Time since last request: 11.579814 seconds.
  path: Assets/Scenes/SampleScene/NavMesh-Plane.asset
  artifactKey: Guid(d08bebcdd7d77404da6a4bbc1a76b4c6) Importer(815301076,1909f56bfc062723c751e8b465ee728b)
Start importing Assets/Scenes/SampleScene/NavMesh-Plane.asset using Guid(d08bebcdd7d77404da6a4bbc1a76b4c6) Importer(815301076,1909f56bfc062723c751e8b465ee728b)  -> (artifact id: '1f2d939c4be141916f168c99376997cf') in 0.005372 seconds
  Import took 0.006874 seconds .

========================================================================
Received Import Request.
  Time since last request: 11.045085 seconds.
  path: Assets/Scenes/SampleScene/NavMesh-Plane.asset
  artifactKey: Guid(d08bebcdd7d77404da6a4bbc1a76b4c6) Importer(815301076,1909f56bfc062723c751e8b465ee728b)
Start importing Assets/Scenes/SampleScene/NavMesh-Plane.asset using Guid(d08bebcdd7d77404da6a4bbc1a76b4c6) Importer(815301076,1909f56bfc062723c751e8b465ee728b)  -> (artifact id: '7824b0298d839ab101c33dc693d19cf8') in 0.005285 seconds
  Import took 0.006671 seconds .

========================================================================
Received Prepare
Registering precompiled user dll's ...
Registered in 0.000301 seconds.
Begin MonoManager ReloadAssembly
Native extension for WindowsStandalone target not found
Refreshing native plugins compatible for Editor in 0.16 ms, found 0 plugins.
Preloading 0 native plugins for Editor in 0.00 ms.
Mono: successfully reloaded assembly
- Completed reload, in  0.565 seconds
Platform modules already initialized, skipping
Refreshing native plugins compatible for Editor in 0.15 ms, found 0 plugins.
Preloading 0 native plugins for Editor in 0.00 ms.
Unloading 1152 Unused Serialized files (Serialized files now loaded: 0)
System memory in use before: 61.6 MB.
System memory in use after: 61.7 MB.

Unloading 4 unused Assets to reduce memory usage. Loaded Objects now: 1678.
Total: 1.128100 ms (FindLiveObjects: 0.091200 ms CreateObjectMapping: 0.025800 ms MarkObjects: 1.001100 ms  DeleteObjects: 0.009300 ms)

========================================================================
Received Import Request.
  Time since last request: 183.874998 seconds.
  path: Assets/Scenes/SampleScene/NavMesh-Plane.asset
  artifactKey: Guid(d08bebcdd7d77404da6a4bbc1a76b4c6) Importer(815301076,1909f56bfc062723c751e8b465ee728b)
Start importing Assets/Scenes/SampleScene/NavMesh-Plane.asset using Guid(d08bebcdd7d77404da6a4bbc1a76b4c6) Importer(815301076,1909f56bfc062723c751e8b465ee728b)  -> (artifact id: 'fce23cafe749dcd294d87e44beca156b') in 0.012134 seconds
  Import took 0.013636 seconds .

========================================================================
Received Import Request.
  Time since last request: 16.869687 seconds.
  path: Assets/Scenes/SampleScene/NavMesh-Plane.asset
  artifactKey: Guid(d08bebcdd7d77404da6a4bbc1a76b4c6) Importer(815301076,1909f56bfc062723c751e8b465ee728b)
Start importing Assets/Scenes/SampleScene/NavMesh-Plane.asset using Guid(d08bebcdd7d77404da6a4bbc1a76b4c6) Importer(815301076,1909f56bfc062723c751e8b465ee728b)  -> (artifact id: '63d73cf86fbd2c85df4013be805edac2') in 0.005542 seconds
  Import took 0.006963 seconds .

========================================================================
Received Import Request.
  Time since last request: 12.634434 seconds.
  path: Assets/Scenes/SampleScene/NavMesh-Plane.asset
  artifactKey: Guid(d08bebcdd7d77404da6a4bbc1a76b4c6) Importer(815301076,1909f56bfc062723c751e8b465ee728b)
Start importing Assets/Scenes/SampleScene/NavMesh-Plane.asset using Guid(d08bebcdd7d77404da6a4bbc1a76b4c6) Importer(815301076,1909f56bfc062723c751e8b465ee728b)  -> (artifact id: '8ec40e9809ccea222d72d80d71f05b43') in 0.005450 seconds
  Import took 0.006847 seconds .

========================================================================
Received Import Request.
  Time since last request: 16.591883 seconds.
  path: Assets/Scenes/SampleScene/NavMesh-Plane.asset
  artifactKey: Guid(d08bebcdd7d77404da6a4bbc1a76b4c6) Importer(815301076,1909f56bfc062723c751e8b465ee728b)
Start importing Assets/Scenes/SampleScene/NavMesh-Plane.asset using Guid(d08bebcdd7d77404da6a4bbc1a76b4c6) Importer(815301076,1909f56bfc062723c751e8b465ee728b)  -> (artifact id: '4d5afe161773b0aa5bae87236c4a38dd') in 0.005395 seconds
  Import took 0.006770 seconds .

========================================================================
Received Prepare
Registering precompiled user dll's ...
Registered in 0.000293 seconds.
Begin MonoManager ReloadAssembly
Native extension for WindowsStandalone target not found
Refreshing native plugins compatible for Editor in 0.16 ms, found 0 plugins.
Preloading 0 native plugins for Editor in 0.00 ms.
Mono: successfully reloaded assembly
- Completed reload, in  0.575 seconds
Platform modules already initialized, skipping
Refreshing native plugins compatible for Editor in 0.14 ms, found 0 plugins.
Preloading 0 native plugins for Editor in 0.00 ms.
Unloading 1152 Unused Serialized files (Serialized files now loaded: 0)
System memory in use before: 61.6 MB.
System memory in use after: 61.7 MB.

Unloading 4 unused Assets to reduce memory usage. Loaded Objects now: 1681.
Total: 1.095800 ms (FindLiveObjects: 0.087500 ms CreateObjectMapping: 0.026100 ms MarkObjects: 0.972500 ms  DeleteObjects: 0.009100 ms)

========================================================================
Received Import Request.
  Time since last request: 237.358943 seconds.
  path: Assets/Materials/WayMat.mat
  artifactKey: Guid(cf03e698ef2473748ac729c0eaf5dc57) Importer(815301076,1909f56bfc062723c751e8b465ee728b)
Start importing Assets/Materials/WayMat.mat using Guid(cf03e698ef2473748ac729c0eaf5dc57) Importer(815301076,1909f56bfc062723c751e8b465ee728b)  -> (artifact id: 'b3307784815621ba512300ba01ef60e8') in 0.047075 seconds
  Import took 0.048501 seconds .

========================================================================
Received Import Request.
  Time since last request: 27.667418 seconds.
  path: Assets/Prefabs/Line.prefab
  artifactKey: Guid(c2fcc539c407a6f4ea8234fe346a7fac) Importer(815301076,1909f56bfc062723c751e8b465ee728b)
Start importing Assets/Prefabs/Line.prefab using Guid(c2fcc539c407a6f4ea8234fe346a7fac) Importer(815301076,1909f56bfc062723c751e8b465ee728b)  -> (artifact id: '6d3e9fd707578d11c3297baf8b1a53d8') in 0.020472 seconds
  Import took 0.021888 seconds .

========================================================================
Received Import Request.
  Time since last request: 11.433410 seconds.
  path: Assets/Prefabs/WayPoint.prefab
  artifactKey: Guid(beeaf27331d24dc4bad05de2d763bce1) Importer(815301076,1909f56bfc062723c751e8b465ee728b)
Start importing Assets/Prefabs/WayPoint.prefab using Guid(beeaf27331d24dc4bad05de2d763bce1) Importer(815301076,1909f56bfc062723c751e8b465ee728b)  -> (artifact id: '63ba30aef605e17582bbafbbb205a8b3') in 0.004732 seconds
  Import took 0.006150 seconds .

========================================================================
Received Prepare
Registering precompiled user dll's ...
Registered in 0.000331 seconds.
Begin MonoManager ReloadAssembly
Native extension for WindowsStandalone target not found
Refreshing native plugins compatible for Editor in 0.15 ms, found 0 plugins.
Preloading 0 native plugins for Editor in 0.00 ms.
Mono: successfully reloaded assembly
- Completed reload, in  1.163 seconds
Platform modules already initialized, skipping
Refreshing native plugins compatible for Editor in 0.16 ms, found 0 plugins.
Preloading 0 native plugins for Editor in 0.00 ms.
Unloading 1152 Unused Serialized files (Serialized files now loaded: 0)
System memory in use before: 61.6 MB.
System memory in use after: 61.7 MB.

Unloading 4 unused Assets to reduce memory usage. Loaded Objects now: 1685.
Total: 1.133400 ms (FindLiveObjects: 0.091100 ms CreateObjectMapping: 0.026800 ms MarkObjects: 1.005500 ms  DeleteObjects: 0.009400 ms)

========================================================================
Received Prepare
Registering precompiled user dll's ...
Registered in 0.000283 seconds.
Begin MonoManager ReloadAssembly
Native extension for WindowsStandalone target not found
Refreshing native plugins compatible for Editor in 0.15 ms, found 0 plugins.
Preloading 0 native plugins for Editor in 0.00 ms.
Mono: successfully reloaded assembly
- Completed reload, in  0.578 seconds
Platform modules already initialized, skipping
Refreshing native plugins compatible for Editor in 0.15 ms, found 0 plugins.
Preloading 0 native plugins for Editor in 0.00 ms.
Unloading 1152 Unused Serialized files (Serialized files now loaded: 0)
System memory in use before: 61.6 MB.
System memory in use after: 61.7 MB.

Unloading 4 unused Assets to reduce memory usage. Loaded Objects now: 1688.
Total: 1.117400 ms (FindLiveObjects: 0.091600 ms CreateObjectMapping: 0.026300 ms MarkObjects: 0.989700 ms  DeleteObjects: 0.009100 ms)

========================================================================
Received Prepare
Registering precompiled user dll's ...
Registered in 0.000288 seconds.
Begin MonoManager ReloadAssembly
Native extension for WindowsStandalone target not found
Refreshing native plugins compatible for Editor in 0.16 ms, found 0 plugins.
Preloading 0 native plugins for Editor in 0.00 ms.
Mono: successfully reloaded assembly
- Completed reload, in  0.584 seconds
Platform modules already initialized, skipping
Refreshing native plugins compatible for Editor in 0.15 ms, found 0 plugins.
Preloading 0 native plugins for Editor in 0.00 ms.
Unloading 1152 Unused Serialized files (Serialized files now loaded: 0)
System memory in use before: 61.6 MB.
System memory in use after: 61.7 MB.

Unloading 4 unused Assets to reduce memory usage. Loaded Objects now: 1691.
Total: 1.083100 ms (FindLiveObjects: 0.090900 ms CreateObjectMapping: 0.025900 ms MarkObjects: 0.956600 ms  DeleteObjects: 0.009200 ms)

========================================================================
Received Prepare
Registering precompiled user dll's ...
Registered in 0.000313 seconds.
Begin MonoManager ReloadAssembly
Native extension for WindowsStandalone target not found
Refreshing native plugins compatible for Editor in 0.18 ms, found 0 plugins.
Preloading 0 native plugins for Editor in 0.00 ms.
Mono: successfully reloaded assembly
- Completed reload, in  0.580 seconds
Platform modules already initialized, skipping
Refreshing native plugins compatible for Editor in 0.17 ms, found 0 plugins.
Preloading 0 native plugins for Editor in 0.00 ms.
Unloading 1152 Unused Serialized files (Serialized files now loaded: 0)
System memory in use before: 61.6 MB.
System memory in use after: 61.7 MB.

Unloading 4 unused Assets to reduce memory usage. Loaded Objects now: 1694.
Total: 1.243600 ms (FindLiveObjects: 0.104300 ms CreateObjectMapping: 0.028300 ms MarkObjects: 1.101300 ms  DeleteObjects: 0.008800 ms)

========================================================================
Received Prepare
Registering precompiled user dll's ...
Registered in 0.000288 seconds.
Begin MonoManager ReloadAssembly
Native extension for WindowsStandalone target not found
Refreshing native plugins compatible for Editor in 0.17 ms, found 0 plugins.
Preloading 0 native plugins for Editor in 0.00 ms.
Mono: successfully reloaded assembly
- Completed reload, in  0.570 seconds
Platform modules already initialized, skipping
Refreshing native plugins compatible for Editor in 0.14 ms, found 0 plugins.
Preloading 0 native plugins for Editor in 0.00 ms.
Unloading 1152 Unused Serialized files (Serialized files now loaded: 0)
System memory in use before: 61.6 MB.
System memory in use after: 61.7 MB.

Unloading 4 unused Assets to reduce memory usage. Loaded Objects now: 1697.
Total: 1.093800 ms (FindLiveObjects: 0.093500 ms CreateObjectMapping: 0.025400 ms MarkObjects: 0.964500 ms  DeleteObjects: 0.009600 ms)

========================================================================
Received Prepare
Registering precompiled user dll's ...
Registered in 0.000294 seconds.
Begin MonoManager ReloadAssembly
Native extension for WindowsStandalone target not found
Refreshing native plugins compatible for Editor in 0.16 ms, found 0 plugins.
Preloading 0 native plugins for Editor in 0.00 ms.
Mono: successfully reloaded assembly
- Completed reload, in  0.579 seconds
Platform modules already initialized, skipping
Refreshing native plugins compatible for Editor in 0.16 ms, found 0 plugins.
Preloading 0 native plugins for Editor in 0.00 ms.
Unloading 1152 Unused Serialized files (Serialized files now loaded: 0)
System memory in use before: 61.6 MB.
System memory in use after: 61.7 MB.

Unloading 4 unused Assets to reduce memory usage. Loaded Objects now: 1700.
Total: 1.103000 ms (FindLiveObjects: 0.100600 ms CreateObjectMapping: 0.028300 ms MarkObjects: 0.964200 ms  DeleteObjects: 0.009200 ms)

========================================================================
Received Prepare
Registering precompiled user dll's ...
Registered in 0.000352 seconds.
Begin MonoManager ReloadAssembly
Native extension for WindowsStandalone target not found
Refreshing native plugins compatible for Editor in 0.17 ms, found 0 plugins.
Preloading 0 native plugins for Editor in 0.00 ms.
Mono: successfully reloaded assembly
- Completed reload, in  0.554 seconds
Platform modules already initialized, skipping
Refreshing native plugins compatible for Editor in 0.14 ms, found 0 plugins.
Preloading 0 native plugins for Editor in 0.00 ms.
Unloading 1152 Unused Serialized files (Serialized files now loaded: 0)
System memory in use before: 61.6 MB.
System memory in use after: 61.7 MB.

Unloading 4 unused Assets to reduce memory usage. Loaded Objects now: 1703.
Total: 1.139000 ms (FindLiveObjects: 0.093300 ms CreateObjectMapping: 0.027500 ms MarkObjects: 1.008700 ms  DeleteObjects: 0.009100 ms)

========================================================================
Received Prepare
Registering precompiled user dll's ...
Registered in 0.000281 seconds.
Begin MonoManager ReloadAssembly
Native extension for WindowsStandalone target not found
Refreshing native plugins compatible for Editor in 0.16 ms, found 0 plugins.
Preloading 0 native plugins for Editor in 0.00 ms.
Mono: successfully reloaded assembly
- Completed reload, in  0.580 seconds
Platform modules already initialized, skipping
Refreshing native plugins compatible for Editor in 0.15 ms, found 0 plugins.
Preloading 0 native plugins for Editor in 0.00 ms.
Unloading 1152 Unused Serialized files (Serialized files now loaded: 0)
System memory in use before: 61.6 MB.
System memory in use after: 61.7 MB.

Unloading 4 unused Assets to reduce memory usage. Loaded Objects now: 1706.
Total: 1.078200 ms (FindLiveObjects: 0.089600 ms CreateObjectMapping: 0.025800 ms MarkObjects: 0.951000 ms  DeleteObjects: 0.011200 ms)

========================================================================
Received Prepare
Registering precompiled user dll's ...
Registered in 0.000282 seconds.
Begin MonoManager ReloadAssembly
Native extension for WindowsStandalone target not found
Refreshing native plugins compatible for Editor in 0.16 ms, found 0 plugins.
Preloading 0 native plugins for Editor in 0.00 ms.
Mono: successfully reloaded assembly
- Completed reload, in  0.578 seconds
Platform modules already initialized, skipping
Refreshing native plugins compatible for Editor in 0.16 ms, found 0 plugins.
Preloading 0 native plugins for Editor in 0.00 ms.
Unloading 1152 Unused Serialized files (Serialized files now loaded: 0)
System memory in use before: 61.6 MB.
System memory in use after: 61.7 MB.

Unloading 4 unused Assets to reduce memory usage. Loaded Objects now: 1709.
Total: 1.080100 ms (FindLiveObjects: 0.091500 ms CreateObjectMapping: 0.025500 ms MarkObjects: 0.953500 ms  DeleteObjects: 0.009100 ms)

========================================================================
Received Prepare
Registering precompiled user dll's ...
Registered in 0.000328 seconds.
Begin MonoManager ReloadAssembly
Native extension for WindowsStandalone target not found
Refreshing native plugins compatible for Editor in 0.16 ms, found 0 plugins.
Preloading 0 native plugins for Editor in 0.00 ms.
Mono: successfully reloaded assembly
- Completed reload, in  0.556 seconds
Platform modules already initialized, skipping
Refreshing native plugins compatible for Editor in 0.15 ms, found 0 plugins.
Preloading 0 native plugins for Editor in 0.00 ms.
Unloading 1152 Unused Serialized files (Serialized files now loaded: 0)
System memory in use before: 61.6 MB.
System memory in use after: 61.7 MB.

Unloading 4 unused Assets to reduce memory usage. Loaded Objects now: 1712.
Total: 1.077000 ms (FindLiveObjects: 0.091700 ms CreateObjectMapping: 0.027000 ms MarkObjects: 0.949100 ms  DeleteObjects: 0.008600 ms)

========================================================================
Received Import Request.
  Time since last request: 1114.319221 seconds.
  path: Assets/Prefabs/Pointer.prefab
  artifactKey: Guid(fa82296ee60266d4b8e81f6416646343) Importer(815301076,1909f56bfc062723c751e8b465ee728b)
Start importing Assets/Prefabs/Pointer.prefab using Guid(fa82296ee60266d4b8e81f6416646343) Importer(815301076,1909f56bfc062723c751e8b465ee728b)  -> (artifact id: '1d212da21e7d57019c3afab1f9485548') in 0.046415 seconds
  Import took 0.047853 seconds .

========================================================================
Received Prepare
Registering precompiled user dll's ...
Registered in 0.000283 seconds.
Begin MonoManager ReloadAssembly
Native extension for WindowsStandalone target not found
Refreshing native plugins compatible for Editor in 0.15 ms, found 0 plugins.
Preloading 0 native plugins for Editor in 0.00 ms.
Mono: successfully reloaded assembly
- Completed reload, in  0.557 seconds
Platform modules already initialized, skipping
Refreshing native plugins compatible for Editor in 0.14 ms, found 0 plugins.
Preloading 0 native plugins for Editor in 0.00 ms.
Unloading 1152 Unused Serialized files (Serialized files now loaded: 0)
System memory in use before: 61.6 MB.
System memory in use after: 61.8 MB.

Unloading 4 unused Assets to reduce memory usage. Loaded Objects now: 1716.
Total: 1.099800 ms (FindLiveObjects: 0.091000 ms CreateObjectMapping: 0.027900 ms MarkObjects: 0.971900 ms  DeleteObjects: 0.008500 ms)

AssetImportWorkerClient::OnTransportError - code=2 error=End of file
